<html>
<body>
<pre>
<h1>Vision Build Log</h1>
<h2>Project:</h2>
D:\每日干活\20170402\练习\main.uvproj
Project File Date:  04/02/2017

<h2>Output:</h2>
Build target 'Target 1'
compiling main.c...
compiling exti.c...
EXTI.C(14): warning C206: 'display': missing function-prototype
EXTI.C(15): error C202: 'inr': undefined identifier
EXTI.C(16): error C202: 'inr': undefined identifier
EXTI.C(17): error C202: 'key_flag': undefined identifier
EXTI.C(19): error C202: 'temp_inr': undefined identifier
EXTI.C(20): error C202: 'temp_inr': undefined identifier
EXTI.C(21): error C202: 'temp_flag': undefined identifier
Target not created
Build target 'Target 1'
compiling main.c...
compiling exti.c...
EXTI.C(14): warning C206: 'display': missing function-prototype
linking...
*** WARNING L1: UNRESOLVED EXTERNAL SYMBOL
    SYMBOL:  DISPLAY
    MODULE:  exti.obj (EXTI)
*** WARNING L2: REFERENCE MADE TO UNRESOLVED EXTERNAL
    SYMBOL:  DISPLAY
    MODULE:  exti.obj (EXTI)
    ADDRESS: 002CH
Program Size: data=9.0 xdata=0 code=128
"main" - 0 Error(s), 3 Warning(s).
Build target 'Target 1'
compiling main.c...
compiling exti.c...
EXTI.C(14): warning C206: 'display': missing function-prototype
linking...
*** WARNING L1: UNRESOLVED EXTERNAL SYMBOL
    SYMBOL:  DISPLAY
    MODULE:  exti.obj (EXTI)
*** WARNING L2: REFERENCE MADE TO UNRESOLVED EXTERNAL
    SYMBOL:  DISPLAY
    MODULE:  exti.obj (EXTI)
    ADDRESS: 002CH
Program Size: data=9.0 xdata=0 code=128
"main" - 0 Error(s), 3 Warning(s).
Build target 'Target 1'
compiling main.c...
compiling exti.c...
linking...
*** WARNING L1: UNRESOLVED EXTERNAL SYMBOL
    SYMBOL:  DISPLAY
    MODULE:  exti.obj (EXTI)
*** WARNING L2: REFERENCE MADE TO UNRESOLVED EXTERNAL
    SYMBOL:  DISPLAY
    MODULE:  exti.obj (EXTI)
    ADDRESS: 002CH
Program Size: data=9.0 xdata=0 code=128
"main" - 0 Error(s), 2 Warning(s).
Build target 'Target 1'
compiling main.c...
compiling exti.c...
compiling display.c...
linking...
Program Size: data=18.0 xdata=0 code=384
"main" - 0 Error(s), 0 Warning(s).
Build target 'Target 1'
compiling main.c...
compiling exti.c...
compiling display.c...
linking...
Program Size: data=18.0 xdata=0 code=384
creating hex file from "main"...
"main" - 0 Error(s), 0 Warning(s).
Build target 'Target 1'
compiling main.c...
compiling exti.c...
compiling display.c...
linking...
Program Size: data=18.0 xdata=0 code=384
creating hex file from "main"...
"main" - 0 Error(s), 0 Warning(s).
Build target 'Target 1'
compiling main.c...
compiling exti.c...
compiling display.c...
linking...
Program Size: data=18.0 xdata=0 code=388
creating hex file from "main"...
"main" - 0 Error(s), 0 Warning(s).
Build target 'Target 1'
compiling main.c...
compiling exti.c...
compiling display.c...
linking...
Program Size: data=18.0 xdata=0 code=388
creating hex file from "main"...
"main" - 0 Error(s), 0 Warning(s).
Build target 'Target 1'
compiling main.c...
compiling exti.c...
compiling display.c...
linking...
Program Size: data=18.0 xdata=0 code=388
creating hex file from "main"...
"main" - 0 Error(s), 0 Warning(s).
Build target 'Target 1'
compiling main.c...
compiling exti.c...
compiling display.c...
compiling key.c...
linking...
*** WARNING L16: UNCALLED SEGMENT, IGNORED FOR OVERLAY PROCESS
    SEGMENT: ?PR?READ_KEYBOARD?KEY
Program Size: data=22.0 xdata=0 code=543
creating hex file from "main"...
"main" - 0 Error(s), 1 Warning(s).
Build target 'Target 1'
compiling main.c...
compiling exti.c...
EXTI.C(16): error C202: 'SoftTimer0Cnt': undefined identifier
EXTI.C(18): error C202: 'SoftTimer0Cnt': undefined identifier
EXTI.C(19): error C202: 'SoftTimer0Cnt': undefined identifier
EXTI.C(20): error C202: 'SoftTimer0Over': undefined identifier
EXTI.C(22): error C202: 'SoftTimer1Cnt': undefined identifier
EXTI.C(24): error C202: 'SoftTimer1Cnt': undefined identifier
EXTI.C(25): error C202: 'SoftTimer1Cnt': undefined identifier
EXTI.C(26): error C202: 'SoftTimer1Over': undefined identifier
EXTI.C(28): error C202: 'SoftTimer2Cnt': undefined identifier
EXTI.C(30): error C202: 'SoftTimer2Cnt': undefined identifier
EXTI.C(31): error C202: 'SoftTimer2Cnt': undefined identifier
EXTI.C(32): error C202: 'SoftTimer2Over': undefined identifier
EXTI.C(34): error C202: 'SoftTimer3Cnt': undefined identifier
EXTI.C(36): error C202: 'SoftTimer3Cnt': undefined identifier
EXTI.C(37): error C202: 'SoftTimer3Cnt': undefined identifier
EXTI.C(38): error C202: 'SoftTimer3Over': undefined identifier
EXTI.C(40): error C202: 'SoftTimer4Cnt': undefined identifier
EXTI.C(42): error C202: 'SoftTimer4Cnt': undefined identifier
EXTI.C(43): error C202: 'SoftTimer4Cnt': undefined identifier
EXTI.C(44): error C202: 'SoftTimer4Over': undefined identifier
compiling display.c...
compiling key.c...
Target not created
Build target 'Target 1'
compiling main.c...
compiling exti.c...
EXTI.C(41): error C202: 'SoftTimer1Over': undefined identifier
EXTI.C(47): error C202: 'SoftTimer2Over': undefined identifier
EXTI.C(53): error C202: 'SoftTimer3Over': undefined identifier
EXTI.C(59): error C202: 'SoftTimer4Over': undefined identifier
compiling display.c...
compiling key.c...
Target not created
Build target 'Target 1'
compiling main.c...
compiling exti.c...
EXTI.C(41): error C202: 'SoftTimer1Over': undefined identifier
EXTI.C(47): error C202: 'SoftTimer2Over': undefined identifier
EXTI.C(53): error C202: 'SoftTimer3Over': undefined identifier
EXTI.C(59): error C202: 'SoftTimer4Over': undefined identifier
compiling display.c...
compiling key.c...
Target not created
Build target 'Target 1'
compiling main.c...
compiling exti.c...
compiling display.c...
compiling key.c...
linking...
*** WARNING L16: UNCALLED SEGMENT, IGNORED FOR OVERLAY PROCESS
    SEGMENT: ?PR?READ_KEYBOARD?KEY
Program Size: data=32.5 xdata=0 code=683
creating hex file from "main"...
"main" - 0 Error(s), 1 Warning(s).
Build target 'Target 1'
compiling main.c...
compiling exti.c...
EXTI.C(20): error C168: 'SoftTimerOver': array of bit
compiling display.c...
compiling key.c...
Target not created
Build target 'Target 1'
compiling main.c...
compiling exti.c...
EXTI.C(20): error C168: 'SoftTimerOver': array of bit
compiling display.c...
compiling key.c...
Target not created
Build target 'Target 1'
compiling main.c...
compiling exti.c...
compiling display.c...
compiling key.c...
linking...
*** WARNING L16: UNCALLED SEGMENT, IGNORED FOR OVERLAY PROCESS
    SEGMENT: ?PR?READ_KEYBOARD?KEY
Program Size: data=32.5 xdata=0 code=683
creating hex file from "main"...
"main" - 0 Error(s), 1 Warning(s).
Build target 'Target 1'
compiling main.c...
compiling exti.c...
compiling display.c...
compiling key.c...
linking...
Program Size: data=33.5 xdata=0 code=714
creating hex file from "main"...
"main" - 0 Error(s), 0 Warning(s).
Build target 'Target 1'
compiling main.c...
MAIN.C(11): error C202: 'setY4': undefined identifier
MAIN.C(12): error C202: 'setY5': undefined identifier
compiling exti.c...
compiling display.c...
compiling key.c...
Target not created
Build target 'Target 1'
compiling main.c...
MAIN.C(11): warning C206: 'setY4': missing function-prototype
MAIN.C(12): warning C206: 'setY5': missing function-prototype
compiling exti.c...
compiling display.c...
compiling key.c...
linking...
*** WARNING L1: UNRESOLVED EXTERNAL SYMBOL
    SYMBOL:  SETY4
    MODULE:  main.obj (MAIN)
*** WARNING L1: UNRESOLVED EXTERNAL SYMBOL
    SYMBOL:  SETY5
    MODULE:  main.obj (MAIN)
*** WARNING L2: REFERENCE MADE TO UNRESOLVED EXTERNAL
    SYMBOL:  SETY4
    MODULE:  main.obj (MAIN)
    ADDRESS: 022CH
*** WARNING L2: REFERENCE MADE TO UNRESOLVED EXTERNAL
    SYMBOL:  SETY5
    MODULE:  main.obj (MAIN)
    ADDRESS: 0232H
Program Size: data=33.5 xdata=0 code=726
creating hex file from "main"...
"main" - 0 Error(s), 6 Warning(s).
Build target 'Target 1'
compiling main.c...
MAIN.C(11): error C211: call not to a function
MAIN.C(12): error C211: call not to a function
compiling exti.c...
compiling display.c...
compiling key.c...
Target not created
Build target 'Target 1'
compiling main.c...
MAIN.C(11): error C211: call not to a function
MAIN.C(12): error C211: call not to a function
compiling exti.c...
compiling display.c...
compiling key.c...
Target not created
Build target 'Target 1'
compiling main.c...
compiling exti.c...
compiling display.c...
compiling key.c...
linking...
Program Size: data=33.5 xdata=0 code=746
creating hex file from "main"...
"main" - 0 Error(s), 0 Warning(s).
Build target 'Target 1'
compiling main.c...
compiling exti.c...
compiling display.c...
compiling key.c...
linking...
Program Size: data=33.5 xdata=0 code=749
creating hex file from "main"...
"main" - 0 Error(s), 0 Warning(s).
Build target 'Target 1'
compiling main.c...
compiling exti.c...
compiling display.c...
compiling key.c...
linking...
Program Size: data=33.5 xdata=0 code=747
creating hex file from "main"...
"main" - 0 Error(s), 0 Warning(s).
Build target 'Target 1'
compiling main.c...
compiling exti.c...
compiling display.c...
compiling key.c...
linking...
Program Size: data=33.5 xdata=0 code=659
creating hex file from "main"...
"main" - 0 Error(s), 0 Warning(s).
Build target 'Target 1'
compiling main.c...
compiling exti.c...
compiling display.c...
compiling key.c...
compiling iic.c...
compiling ds1302.c...
compiling onewire.c...
linking...
*** WARNING L16: UNCALLED SEGMENT, IGNORED FOR OVERLAY PROCESS
    SEGMENT: ?PR?IIC_START?IIC
*** WARNING L16: UNCALLED SEGMENT, IGNORED FOR OVERLAY PROCESS
    SEGMENT: ?PR?_IIC_ACK?IIC
*** WARNING L16: UNCALLED SEGMENT, IGNORED FOR OVERLAY PROCESS
    SEGMENT: ?PR?IIC_WAITACK?IIC
*** WARNING L16: UNCALLED SEGMENT, IGNORED FOR OVERLAY PROCESS
    SEGMENT: ?PR?_IIC_SENDBYTE?IIC
*** WARNING L16: UNCALLED SEGMENT, IGNORED FOR OVERLAY PROCESS
    SEGMENT: ?PR?IIC_RECBYTE?IIC
*** WARNING L16: UNCALLED SEGMENT, IGNORED FOR OVERLAY PROCESS
    SEGMENT: ?PR?_DS1302_SINGLE_BYTE_WRITE?DS1302
*** WARNING L16: UNCALLED SEGMENT, IGNORED FOR OVERLAY PROCESS
    SEGMENT: ?PR?_DS1302_SINGLE_BYTE_READ?DS1302
*** WARNING L16: UNCALLED SEGMENT, IGNORED FOR OVERLAY PROCESS
    SEGMENT: ?PR?INIT_DS18B20?ONEWIRE
*** WARNING L16: UNCALLED SEGMENT, IGNORED FOR OVERLAY PROCESS
    SEGMENT: ?PR?_WRITE_DS18B20?ONEWIRE
*** WARNING L16: UNCALLED SEGMENT, IGNORED FOR OVERLAY PROCESS
    SEGMENT: ?PR?READ_DS18B20?ONEWIRE
Program Size: data=33.6 xdata=0 code=1017
creating hex file from "main"...
"main" - 0 Error(s), 10 Warning(s).
Build target 'Target 1'
compiling main.c...
compiling exti.c...
compiling display.c...
compiling key.c...
compiling iic.c...
compiling ds1302.c...
compiling onewire.c...
linking...
*** WARNING L16: UNCALLED SEGMENT, IGNORED FOR OVERLAY PROCESS
    SEGMENT: ?PR?IIC_START?IIC
*** WARNING L16: UNCALLED SEGMENT, IGNORED FOR OVERLAY PROCESS
    SEGMENT: ?PR?_IIC_ACK?IIC
*** WARNING L16: UNCALLED SEGMENT, IGNORED FOR OVERLAY PROCESS
    SEGMENT: ?PR?IIC_WAITACK?IIC
*** WARNING L16: UNCALLED SEGMENT, IGNORED FOR OVERLAY PROCESS
    SEGMENT: ?PR?_IIC_SENDBYTE?IIC
*** WARNING L16: UNCALLED SEGMENT, IGNORED FOR OVERLAY PROCESS
    SEGMENT: ?PR?IIC_RECBYTE?IIC
*** WARNING L16: UNCALLED SEGMENT, IGNORED FOR OVERLAY PROCESS
    SEGMENT: ?PR?_DS1302_SINGLE_BYTE_WRITE?DS1302
*** WARNING L16: UNCALLED SEGMENT, IGNORED FOR OVERLAY PROCESS
    SEGMENT: ?PR?_DS1302_SINGLE_BYTE_READ?DS1302
*** WARNING L16: UNCALLED SEGMENT, IGNORED FOR OVERLAY PROCESS
    SEGMENT: ?PR?INIT_DS18B20?ONEWIRE
*** WARNING L16: UNCALLED SEGMENT, IGNORED FOR OVERLAY PROCESS
    SEGMENT: ?PR?_WRITE_DS18B20?ONEWIRE
*** WARNING L16: UNCALLED SEGMENT, IGNORED FOR OVERLAY PROCESS
    SEGMENT: ?PR?READ_DS18B20?ONEWIRE
Program Size: data=33.6 xdata=0 code=1017
creating hex file from "main"...
"main" - 0 Error(s), 10 Warning(s).
Build target 'Target 1'
compiling main.c...
compiling exti.c...
compiling display.c...
compiling key.c...
compiling iic.c...
compiling ds1302.c...
compiling onewire.c...
compiling at24c02.c...
linking...
*** WARNING L16: UNCALLED SEGMENT, IGNORED FOR OVERLAY PROCESS
    SEGMENT: ?PR?IIC_START?IIC
*** WARNING L16: UNCALLED SEGMENT, IGNORED FOR OVERLAY PROCESS
    SEGMENT: ?PR?_IIC_ACK?IIC
*** WARNING L16: UNCALLED SEGMENT, IGNORED FOR OVERLAY PROCESS
    SEGMENT: ?PR?IIC_WAITACK?IIC
*** WARNING L16: UNCALLED SEGMENT, IGNORED FOR OVERLAY PROCESS
    SEGMENT: ?PR?_IIC_SENDBYTE?IIC
*** WARNING L16: UNCALLED SEGMENT, IGNORED FOR OVERLAY PROCESS
    SEGMENT: ?PR?IIC_RECBYTE?IIC
*** WARNING L16: UNCALLED SEGMENT, IGNORED FOR OVERLAY PROCESS
    SEGMENT: ?PR?_DS1302_SINGLE_BYTE_WRITE?DS1302
*** WARNING L16: UNCALLED SEGMENT, IGNORED FOR OVERLAY PROCESS
    SEGMENT: ?PR?_DS1302_SINGLE_BYTE_READ?DS1302
*** WARNING L16: UNCALLED SEGMENT, IGNORED FOR OVERLAY PROCESS
    SEGMENT: ?PR?INIT_DS18B20?ONEWIRE
*** WARNING L16: UNCALLED SEGMENT, IGNORED FOR OVERLAY PROCESS
    SEGMENT: ?PR?_WRITE_DS18B20?ONEWIRE
*** WARNING L16: UNCALLED SEGMENT, IGNORED FOR OVERLAY PROCESS
    SEGMENT: ?PR?READ_DS18B20?ONEWIRE
Program Size: data=33.6 xdata=0 code=1017
creating hex file from "main"...
"main" - 0 Error(s), 10 Warning(s).
Build target 'Target 1'
compiling main.c...
compiling exti.c...
compiling display.c...
compiling key.c...
compiling iic.c...
compiling ds1302.c...
compiling onewire.c...
compiling at24c02.c...
AT24C02.C(16): warning C206: 'Delay_ms': missing function-prototype
AT24C02.C(16): error C267: 'Delay_ms': requires ANSI-style prototype
Target not created
Build target 'Target 1'
compiling main.c...
compiling exti.c...
compiling display.c...
compiling key.c...
compiling iic.c...
compiling ds1302.c...
compiling onewire.c...
compiling at24c02.c...
AT24C02.C(16): warning C206: 'Delay_ms': missing function-prototype
AT24C02.C(16): error C267: 'Delay_ms': requires ANSI-style prototype
Target not created
Build target 'Target 1'
compiling main.c...
compiling exti.c...
compiling display.c...
compiling key.c...
compiling iic.c...
compiling ds1302.c...
compiling onewire.c...
compiling at24c02.c...
compiling delay.c...
DELAY.H(5): error C141: syntax error near 'z', expected ')'
DELAY.C(3): error C141: syntax error near 'z', expected ')'
DELAY.C(5): error C141: syntax error near 'x'
DELAY.C(5): error C202: 'x': undefined identifier
DELAY.C(7): error C202: 'x': undefined identifier
DELAY.C(9): error C202: 'y': undefined identifier
Target not created
Build target 'Target 1'
compiling main.c...
compiling exti.c...
compiling display.c...
compiling key.c...
compiling iic.c...
compiling ds1302.c...
compiling onewire.c...
compiling at24c02.c...
compiling delay.c...
linking...
*** WARNING L16: UNCALLED SEGMENT, IGNORED FOR OVERLAY PROCESS
    SEGMENT: ?PR?_DS1302_SINGLE_BYTE_WRITE?DS1302
*** WARNING L16: UNCALLED SEGMENT, IGNORED FOR OVERLAY PROCESS
    SEGMENT: ?PR?_DS1302_SINGLE_BYTE_READ?DS1302
*** WARNING L16: UNCALLED SEGMENT, IGNORED FOR OVERLAY PROCESS
    SEGMENT: ?PR?INIT_DS18B20?ONEWIRE
*** WARNING L16: UNCALLED SEGMENT, IGNORED FOR OVERLAY PROCESS
    SEGMENT: ?PR?_WRITE_DS18B20?ONEWIRE
*** WARNING L16: UNCALLED SEGMENT, IGNORED FOR OVERLAY PROCESS
    SEGMENT: ?PR?READ_DS18B20?ONEWIRE
*** WARNING L16: UNCALLED SEGMENT, IGNORED FOR OVERLAY PROCESS
    SEGMENT: ?PR?_EEPROM_WRITE?AT24C02
*** WARNING L16: UNCALLED SEGMENT, IGNORED FOR OVERLAY PROCESS
    SEGMENT: ?PR?_EEPROM_READ?AT24C02
Program Size: data=37.6 xdata=0 code=1147
creating hex file from "main"...
"main" - 0 Error(s), 7 Warning(s).
Build target 'Target 1'
compiling main.c...
compiling exti.c...
compiling display.c...
compiling key.c...
compiling iic.c...
compiling ds1302.c...
compiling onewire.c...
compiling at24c02.c...
compiling delay.c...
linking...
*** WARNING L16: UNCALLED SEGMENT, IGNORED FOR OVERLAY PROCESS
    SEGMENT: ?PR?_DS1302_SINGLE_BYTE_WRITE?DS1302
*** WARNING L16: UNCALLED SEGMENT, IGNORED FOR OVERLAY PROCESS
    SEGMENT: ?PR?_DS1302_SINGLE_BYTE_READ?DS1302
*** WARNING L16: UNCALLED SEGMENT, IGNORED FOR OVERLAY PROCESS
    SEGMENT: ?PR?INIT_DS18B20?ONEWIRE
*** WARNING L16: UNCALLED SEGMENT, IGNORED FOR OVERLAY PROCESS
    SEGMENT: ?PR?_WRITE_DS18B20?ONEWIRE
*** WARNING L16: UNCALLED SEGMENT, IGNORED FOR OVERLAY PROCESS
    SEGMENT: ?PR?READ_DS18B20?ONEWIRE
*** WARNING L16: UNCALLED SEGMENT, IGNORED FOR OVERLAY PROCESS
    SEGMENT: ?PR?_EEPROM_WRITE?AT24C02
*** WARNING L16: UNCALLED SEGMENT, IGNORED FOR OVERLAY PROCESS
    SEGMENT: ?PR?_EEPROM_READ?AT24C02
Program Size: data=37.6 xdata=0 code=1147
creating hex file from "main"...
"main" - 0 Error(s), 7 Warning(s).
Build target 'Target 1'
compiling main.c...
compiling exti.c...
compiling display.c...
compiling key.c...
compiling iic.c...
compiling ds1302.c...
compiling onewire.c...
compiling at24c02.c...
compiling delay.c...
compiling ds18B20.c...
linking...
*** WARNING L16: UNCALLED SEGMENT, IGNORED FOR OVERLAY PROCESS
    SEGMENT: ?PR?_DS1302_SINGLE_BYTE_WRITE?DS1302
*** WARNING L16: UNCALLED SEGMENT, IGNORED FOR OVERLAY PROCESS
    SEGMENT: ?PR?_DS1302_SINGLE_BYTE_READ?DS1302
*** WARNING L16: UNCALLED SEGMENT, IGNORED FOR OVERLAY PROCESS
    SEGMENT: ?PR?_EEPROM_WRITE?AT24C02
*** WARNING L16: UNCALLED SEGMENT, IGNORED FOR OVERLAY PROCESS
    SEGMENT: ?PR?_EEPROM_READ?AT24C02
*** WARNING L16: UNCALLED SEGMENT, IGNORED FOR OVERLAY PROCESS
    SEGMENT: ?PR?GET_TEMP?DS18B20
Program Size: data=38.6 xdata=0 code=1201
creating hex file from "main"...
"main" - 0 Error(s), 5 Warning(s).
Build target 'Target 1'
compiling main.c...
compiling exti.c...
compiling display.c...
compiling key.c...
compiling iic.c...
compiling ds1302.c...
compiling onewire.c...
compiling at24c02.c...
compiling delay.c...
compiling ds18B20.c...
linking...
*** WARNING L16: UNCALLED SEGMENT, IGNORED FOR OVERLAY PROCESS
    SEGMENT: ?PR?_DS1302_SINGLE_BYTE_WRITE?DS1302
*** WARNING L16: UNCALLED SEGMENT, IGNORED FOR OVERLAY PROCESS
    SEGMENT: ?PR?_DS1302_SINGLE_BYTE_READ?DS1302
*** WARNING L16: UNCALLED SEGMENT, IGNORED FOR OVERLAY PROCESS
    SEGMENT: ?PR?_EEPROM_WRITE?AT24C02
*** WARNING L16: UNCALLED SEGMENT, IGNORED FOR OVERLAY PROCESS
    SEGMENT: ?PR?_EEPROM_READ?AT24C02
Program Size: data=38.6 xdata=0 code=1225
creating hex file from "main"...
"main" - 0 Error(s), 4 Warning(s).
Build target 'Target 1'
compiling main.c...
compiling exti.c...
compiling display.c...
compiling key.c...
compiling iic.c...
compiling ds1302.c...
compiling onewire.c...
compiling at24c02.c...
compiling delay.c...
compiling ds18B20.c...
linking...
*** WARNING L16: UNCALLED SEGMENT, IGNORED FOR OVERLAY PROCESS
    SEGMENT: ?PR?_DS1302_SINGLE_BYTE_WRITE?DS1302
*** WARNING L16: UNCALLED SEGMENT, IGNORED FOR OVERLAY PROCESS
    SEGMENT: ?PR?_DS1302_SINGLE_BYTE_READ?DS1302
Program Size: data=35.6 xdata=0 code=1239
creating hex file from "main"...
"main" - 0 Error(s), 2 Warning(s).
Build target 'Target 1'
compiling main.c...
compiling exti.c...
compiling display.c...
compiling key.c...
compiling iic.c...
compiling ds1302.c...
compiling onewire.c...
compiling at24c02.c...
compiling delay.c...
compiling ds18B20.c...
linking...
*** WARNING L16: UNCALLED SEGMENT, IGNORED FOR OVERLAY PROCESS
    SEGMENT: ?PR?_DS1302_SINGLE_BYTE_WRITE?DS1302
*** WARNING L16: UNCALLED SEGMENT, IGNORED FOR OVERLAY PROCESS
    SEGMENT: ?PR?_DS1302_SINGLE_BYTE_READ?DS1302
Program Size: data=34.7 xdata=0 code=1232
creating hex file from "main"...
"main" - 0 Error(s), 2 Warning(s).
Build target 'Target 1'
compiling main.c...
compiling exti.c...
compiling display.c...
compiling key.c...
compiling iic.c...
compiling ds1302.c...
compiling onewire.c...
compiling at24c02.c...
compiling delay.c...
compiling ds18B20.c...
linking...
*** WARNING L16: UNCALLED SEGMENT, IGNORED FOR OVERLAY PROCESS
    SEGMENT: ?PR?_DS1302_SINGLE_BYTE_WRITE?DS1302
*** WARNING L16: UNCALLED SEGMENT, IGNORED FOR OVERLAY PROCESS
    SEGMENT: ?PR?_DS1302_SINGLE_BYTE_READ?DS1302
Program Size: data=34.7 xdata=0 code=1232
creating hex file from "main"...
"main" - 0 Error(s), 2 Warning(s).
Build target 'Target 1'
compiling main.c...
compiling exti.c...
compiling display.c...
compiling key.c...
compiling iic.c...
compiling ds1302.c...
compiling onewire.c...
compiling at24c02.c...
compiling delay.c...
compiling ds18B20.c...
linking...
*** WARNING L16: UNCALLED SEGMENT, IGNORED FOR OVERLAY PROCESS
    SEGMENT: ?PR?_DS1302_SINGLE_BYTE_WRITE?DS1302
*** WARNING L16: UNCALLED SEGMENT, IGNORED FOR OVERLAY PROCESS
    SEGMENT: ?PR?_DS1302_SINGLE_BYTE_READ?DS1302
Program Size: data=34.7 xdata=0 code=1337
creating hex file from "main"...
"main" - 0 Error(s), 2 Warning(s).
Build target 'Target 1'
compiling main.c...
compiling exti.c...
compiling display.c...
compiling key.c...
compiling iic.c...
compiling ds1302.c...
compiling onewire.c...
compiling at24c02.c...
compiling delay.c...
compiling ds18B20.c...
linking...
*** WARNING L16: UNCALLED SEGMENT, IGNORED FOR OVERLAY PROCESS
    SEGMENT: ?PR?_DS1302_SINGLE_BYTE_WRITE?DS1302
*** WARNING L16: UNCALLED SEGMENT, IGNORED FOR OVERLAY PROCESS
    SEGMENT: ?PR?_DS1302_SINGLE_BYTE_READ?DS1302
Program Size: data=34.7 xdata=0 code=1339
creating hex file from "main"...
"main" - 0 Error(s), 2 Warning(s).
Build target 'Target 1'
compiling main.c...
compiling exti.c...
compiling display.c...
compiling key.c...
compiling iic.c...
compiling ds1302.c...
compiling onewire.c...
compiling at24c02.c...
compiling delay.c...
compiling ds18B20.c...
linking...
*** WARNING L16: UNCALLED SEGMENT, IGNORED FOR OVERLAY PROCESS
    SEGMENT: ?PR?_DS1302_SINGLE_BYTE_WRITE?DS1302
*** WARNING L16: UNCALLED SEGMENT, IGNORED FOR OVERLAY PROCESS
    SEGMENT: ?PR?_DS1302_SINGLE_BYTE_READ?DS1302
*** WARNING L16: UNCALLED SEGMENT, IGNORED FOR OVERLAY PROCESS
    SEGMENT: ?PR?_EEPROM_WRITE?AT24C02
Program Size: data=36.7 xdata=0 code=1332
creating hex file from "main"...
"main" - 0 Error(s), 3 Warning(s).
Build target 'Target 1'
compiling main.c...
compiling exti.c...
compiling display.c...
compiling key.c...
compiling iic.c...
compiling ds1302.c...
compiling onewire.c...
compiling at24c02.c...
compiling delay.c...
compiling ds18B20.c...
linking...
*** WARNING L16: UNCALLED SEGMENT, IGNORED FOR OVERLAY PROCESS
    SEGMENT: ?PR?_DS1302_SINGLE_BYTE_WRITE?DS1302
*** WARNING L16: UNCALLED SEGMENT, IGNORED FOR OVERLAY PROCESS
    SEGMENT: ?PR?_DS1302_SINGLE_BYTE_READ?DS1302
Program Size: data=34.7 xdata=0 code=1337
creating hex file from "main"...
"main" - 0 Error(s), 2 Warning(s).
Build target 'Target 1'
compiling main.c...
compiling exti.c...
compiling display.c...
compiling key.c...
compiling iic.c...
compiling ds1302.c...
compiling onewire.c...
compiling at24c02.c...
compiling delay.c...
compiling ds18B20.c...
linking...
*** WARNING L16: UNCALLED SEGMENT, IGNORED FOR OVERLAY PROCESS
    SEGMENT: ?PR?_DS1302_SINGLE_BYTE_WRITE?DS1302
*** WARNING L16: UNCALLED SEGMENT, IGNORED FOR OVERLAY PROCESS
    SEGMENT: ?PR?_DS1302_SINGLE_BYTE_READ?DS1302
*** WARNING L16: UNCALLED SEGMENT, IGNORED FOR OVERLAY PROCESS
    SEGMENT: ?PR?_DELAY_MS?DELAY
Program Size: data=34.7 xdata=0 code=1330
creating hex file from "main"...
"main" - 0 Error(s), 3 Warning(s).
Build target 'Target 1'
compiling main.c...
compiling exti.c...
compiling display.c...
compiling key.c...
KEY.C(76): warning C275: expression with possibly no effect
compiling iic.c...
compiling ds1302.c...
compiling onewire.c...
compiling at24c02.c...
compiling delay.c...
compiling ds18B20.c...
linking...
*** WARNING L16: UNCALLED SEGMENT, IGNORED FOR OVERLAY PROCESS
    SEGMENT: ?PR?_DS1302_SINGLE_BYTE_WRITE?DS1302
*** WARNING L16: UNCALLED SEGMENT, IGNORED FOR OVERLAY PROCESS
    SEGMENT: ?PR?_DS1302_SINGLE_BYTE_READ?DS1302
*** WARNING L16: UNCALLED SEGMENT, IGNORED FOR OVERLAY PROCESS
    SEGMENT: ?PR?_EEPROM_WRITE?AT24C02
*** WARNING L16: UNCALLED SEGMENT, IGNORED FOR OVERLAY PROCESS
    SEGMENT: ?PR?_DELAY_MS?DELAY
Program Size: data=44.7 xdata=0 code=1366
creating hex file from "main"...
"main" - 0 Error(s), 5 Warning(s).
Build target 'Target 1'
compiling main.c...
compiling exti.c...
compiling display.c...
compiling key.c...
compiling iic.c...
compiling ds1302.c...
compiling onewire.c...
compiling at24c02.c...
compiling delay.c...
compiling ds18B20.c...
linking...
*** WARNING L16: UNCALLED SEGMENT, IGNORED FOR OVERLAY PROCESS
    SEGMENT: ?PR?_DS1302_SINGLE_BYTE_WRITE?DS1302
*** WARNING L16: UNCALLED SEGMENT, IGNORED FOR OVERLAY PROCESS
    SEGMENT: ?PR?_DS1302_SINGLE_BYTE_READ?DS1302
*** WARNING L16: UNCALLED SEGMENT, IGNORED FOR OVERLAY PROCESS
    SEGMENT: ?PR?_EEPROM_WRITE?AT24C02
*** WARNING L16: UNCALLED SEGMENT, IGNORED FOR OVERLAY PROCESS
    SEGMENT: ?PR?_DELAY_MS?DELAY
Program Size: data=44.7 xdata=0 code=1369
creating hex file from "main"...
"main" - 0 Error(s), 4 Warning(s).
Build target 'Target 1'
compiling main.c...
compiling exti.c...
compiling display.c...
compiling key.c...
KEY.C(37): error C202: 'keyPress': undefined identifier
KEY.C(39): error C202: 'keyPress': undefined identifier
KEY.C(41): error C202: 'keyPress': undefined identifier
KEY.C(42): error C202: 'keyPress': undefined identifier
KEY.C(45): error C202: 'keyValue': undefined identifier
KEY.C(46): error C202: 'keyValue': undefined identifier
KEY.C(47): error C202: 'keyValue': undefined identifier
KEY.C(48): error C202: 'keyValue': undefined identifier
KEY.C(49): error C202: 'keyValue': undefined identifier
compiling iic.c...
compiling ds1302.c...
compiling onewire.c...
compiling at24c02.c...
compiling delay.c...
compiling ds18B20.c...
Target not created
Build target 'Target 1'
compiling main.c...
compiling exti.c...
compiling display.c...
compiling key.c...
compiling iic.c...
compiling ds1302.c...
compiling onewire.c...
compiling at24c02.c...
compiling delay.c...
compiling ds18B20.c...
linking...
*** WARNING L16: UNCALLED SEGMENT, IGNORED FOR OVERLAY PROCESS
    SEGMENT: ?PR?_DS1302_SINGLE_BYTE_WRITE?DS1302
*** WARNING L16: UNCALLED SEGMENT, IGNORED FOR OVERLAY PROCESS
    SEGMENT: ?PR?_DS1302_SINGLE_BYTE_READ?DS1302
*** WARNING L16: UNCALLED SEGMENT, IGNORED FOR OVERLAY PROCESS
    SEGMENT: ?PR?_EEPROM_WRITE?AT24C02
*** WARNING L16: UNCALLED SEGMENT, IGNORED FOR OVERLAY PROCESS
    SEGMENT: ?PR?_DELAY_MS?DELAY
Program Size: data=43.7 xdata=0 code=1302
creating hex file from "main"...
"main" - 0 Error(s), 4 Warning(s).
Build target 'Target 1'
compiling main.c...
compiling exti.c...
compiling display.c...
compiling key.c...
compiling iic.c...
compiling ds1302.c...
compiling onewire.c...
compiling at24c02.c...
compiling delay.c...
compiling ds18B20.c...
linking...
*** WARNING L16: UNCALLED SEGMENT, IGNORED FOR OVERLAY PROCESS
    SEGMENT: ?PR?_DS1302_SINGLE_BYTE_WRITE?DS1302
*** WARNING L16: UNCALLED SEGMENT, IGNORED FOR OVERLAY PROCESS
    SEGMENT: ?PR?_DS1302_SINGLE_BYTE_READ?DS1302
*** WARNING L16: UNCALLED SEGMENT, IGNORED FOR OVERLAY PROCESS
    SEGMENT: ?PR?_EEPROM_WRITE?AT24C02
*** WARNING L16: UNCALLED SEGMENT, IGNORED FOR OVERLAY PROCESS
    SEGMENT: ?PR?_DELAY_MS?DELAY
Program Size: data=43.7 xdata=0 code=1302
creating hex file from "main"...
"main" - 0 Error(s), 4 Warning(s).
Build target 'Target 1'
compiling main.c...
compiling exti.c...
compiling display.c...
compiling key.c...
compiling iic.c...
compiling ds1302.c...
compiling onewire.c...
compiling at24c02.c...
compiling delay.c...
compiling ds18B20.c...
linking...
*** WARNING L16: UNCALLED SEGMENT, IGNORED FOR OVERLAY PROCESS
    SEGMENT: ?PR?_DS1302_SINGLE_BYTE_WRITE?DS1302
*** WARNING L16: UNCALLED SEGMENT, IGNORED FOR OVERLAY PROCESS
    SEGMENT: ?PR?_DS1302_SINGLE_BYTE_READ?DS1302
*** WARNING L16: UNCALLED SEGMENT, IGNORED FOR OVERLAY PROCESS
    SEGMENT: ?PR?_EEPROM_WRITE?AT24C02
*** WARNING L16: UNCALLED SEGMENT, IGNORED FOR OVERLAY PROCESS
    SEGMENT: ?PR?_DELAY_MS?DELAY
Program Size: data=43.7 xdata=0 code=1305
creating hex file from "main"...
"main" - 0 Error(s), 4 Warning(s).
Build target 'Target 1'
compiling main.c...
compiling exti.c...
compiling display.c...
compiling key.c...
compiling iic.c...
compiling ds1302.c...
compiling onewire.c...
compiling at24c02.c...
compiling delay.c...
compiling ds18B20.c...
linking...
*** WARNING L16: UNCALLED SEGMENT, IGNORED FOR OVERLAY PROCESS
    SEGMENT: ?PR?_DS1302_SINGLE_BYTE_WRITE?DS1302
*** WARNING L16: UNCALLED SEGMENT, IGNORED FOR OVERLAY PROCESS
    SEGMENT: ?PR?_DS1302_SINGLE_BYTE_READ?DS1302
*** WARNING L16: UNCALLED SEGMENT, IGNORED FOR OVERLAY PROCESS
    SEGMENT: ?PR?_EEPROM_WRITE?AT24C02
*** WARNING L16: UNCALLED SEGMENT, IGNORED FOR OVERLAY PROCESS
    SEGMENT: ?PR?_DELAY_MS?DELAY
Program Size: data=43.7 xdata=0 code=1302
creating hex file from "main"...
"main" - 0 Error(s), 4 Warning(s).
Build target 'Target 1'
compiling main.c...
compiling exti.c...
compiling display.c...
compiling key.c...
compiling iic.c...
compiling ds1302.c...
compiling onewire.c...
compiling at24c02.c...
compiling delay.c...
compiling ds18B20.c...
linking...
*** WARNING L16: UNCALLED SEGMENT, IGNORED FOR OVERLAY PROCESS
    SEGMENT: ?PR?_DS1302_SINGLE_BYTE_WRITE?DS1302
*** WARNING L16: UNCALLED SEGMENT, IGNORED FOR OVERLAY PROCESS
    SEGMENT: ?PR?_DS1302_SINGLE_BYTE_READ?DS1302
*** WARNING L16: UNCALLED SEGMENT, IGNORED FOR OVERLAY PROCESS
    SEGMENT: ?PR?_EEPROM_WRITE?AT24C02
*** WARNING L16: UNCALLED SEGMENT, IGNORED FOR OVERLAY PROCESS
    SEGMENT: ?PR?_DELAY_MS?DELAY
Program Size: data=43.7 xdata=0 code=1302
creating hex file from "main"...
"main" - 0 Error(s), 4 Warning(s).
Build target 'Target 1'
compiling main.c...
compiling exti.c...
compiling display.c...
compiling key.c...
KEY.C(40): error C202: 'key_press': undefined identifier
KEY.C(42): error C202: 'key_press': undefined identifier
KEY.C(56): error C202: 'key_value': undefined identifier
KEY.C(57): error C202: 'key_value': undefined identifier
KEY.C(58): error C202: 'key_value': undefined identifier
KEY.C(59): error C202: 'key_value': undefined identifier
compiling iic.c...
compiling ds1302.c...
compiling onewire.c...
compiling at24c02.c...
compiling delay.c...
compiling ds18B20.c...
Target not created
Build target 'Target 1'
compiling main.c...
compiling exti.c...
compiling display.c...
compiling key.c...
KEY.C(40): error C202: 'key_press': undefined identifier
KEY.C(42): error C202: 'key_press': undefined identifier
compiling iic.c...
compiling ds1302.c...
compiling onewire.c...
compiling at24c02.c...
compiling delay.c...
compiling ds18B20.c...
Target not created
Build target 'Target 1'
compiling main.c...
compiling exti.c...
compiling display.c...
compiling key.c...
compiling iic.c...
compiling ds1302.c...
compiling onewire.c...
compiling at24c02.c...
compiling delay.c...
compiling ds18B20.c...
linking...
*** WARNING L16: UNCALLED SEGMENT, IGNORED FOR OVERLAY PROCESS
    SEGMENT: ?PR?_DS1302_SINGLE_BYTE_WRITE?DS1302
*** WARNING L16: UNCALLED SEGMENT, IGNORED FOR OVERLAY PROCESS
    SEGMENT: ?PR?_DS1302_SINGLE_BYTE_READ?DS1302
*** WARNING L16: UNCALLED SEGMENT, IGNORED FOR OVERLAY PROCESS
    SEGMENT: ?PR?_EEPROM_WRITE?AT24C02
*** WARNING L16: UNCALLED SEGMENT, IGNORED FOR OVERLAY PROCESS
    SEGMENT: ?PR?_DELAY_MS?DELAY
Program Size: data=44.7 xdata=0 code=1369
creating hex file from "main"...
"main" - 0 Error(s), 4 Warning(s).
Build target 'Target 1'
compiling main.c...
compiling exti.c...
compiling display.c...
compiling key.c...
compiling iic.c...
compiling ds1302.c...
compiling onewire.c...
compiling at24c02.c...
compiling delay.c...
compiling ds18B20.c...
linking...
*** WARNING L16: UNCALLED SEGMENT, IGNORED FOR OVERLAY PROCESS
    SEGMENT: ?PR?_DS1302_SINGLE_BYTE_WRITE?DS1302
*** WARNING L16: UNCALLED SEGMENT, IGNORED FOR OVERLAY PROCESS
    SEGMENT: ?PR?_DS1302_SINGLE_BYTE_READ?DS1302
*** WARNING L16: UNCALLED SEGMENT, IGNORED FOR OVERLAY PROCESS
    SEGMENT: ?PR?_EEPROM_WRITE?AT24C02
*** WARNING L16: UNCALLED SEGMENT, IGNORED FOR OVERLAY PROCESS
    SEGMENT: ?PR?_DELAY_MS?DELAY
Program Size: data=44.7 xdata=0 code=1369
creating hex file from "main"...
"main" - 0 Error(s), 4 Warning(s).
Build target 'Target 1'
compiling main.c...
compiling exti.c...
compiling display.c...
compiling key.c...
compiling iic.c...
compiling ds1302.c...
compiling onewire.c...
compiling at24c02.c...
compiling delay.c...
compiling ds18B20.c...
compiling time.c...
linking...
*** WARNING L16: UNCALLED SEGMENT, IGNORED FOR OVERLAY PROCESS
    SEGMENT: ?PR?_EEPROM_WRITE?AT24C02
*** WARNING L16: UNCALLED SEGMENT, IGNORED FOR OVERLAY PROCESS
    SEGMENT: ?PR?_DELAY_MS?DELAY
*** WARNING L16: UNCALLED SEGMENT, IGNORED FOR OVERLAY PROCESS
    SEGMENT: ?PR?SET_RTC?TIME
*** WARNING L16: UNCALLED SEGMENT, IGNORED FOR OVERLAY PROCESS
    SEGMENT: ?PR?READ_RTC?TIME
Program Size: data=60.7 xdata=0 code=1521
creating hex file from "main"...
"main" - 0 Error(s), 4 Warning(s).
Build target 'Target 1'
compiling main.c...
compiling exti.c...
compiling display.c...
compiling key.c...
compiling iic.c...
compiling ds1302.c...
compiling onewire.c...
compiling at24c02.c...
compiling delay.c...
compiling ds18B20.c...
compiling time.c...
linking...
*** WARNING L16: UNCALLED SEGMENT, IGNORED FOR OVERLAY PROCESS
    SEGMENT: ?PR?_EEPROM_WRITE?AT24C02
*** WARNING L16: UNCALLED SEGMENT, IGNORED FOR OVERLAY PROCESS
    SEGMENT: ?PR?_DELAY_MS?DELAY
*** WARNING L16: UNCALLED SEGMENT, IGNORED FOR OVERLAY PROCESS
    SEGMENT: ?PR?SET_RTC?TIME
*** WARNING L16: UNCALLED SEGMENT, IGNORED FOR OVERLAY PROCESS
    SEGMENT: ?PR?READ_RTC?TIME
Program Size: data=60.7 xdata=0 code=1521
creating hex file from "main"...
"main" - 0 Error(s), 4 Warning(s).
Build target 'Target 1'
compiling main.c...
compiling exti.c...
compiling display.c...
compiling key.c...
compiling iic.c...
compiling ds1302.c...
compiling onewire.c...
compiling at24c02.c...
compiling delay.c...
compiling ds18B20.c...
compiling time.c...
linking...
*** WARNING L16: UNCALLED SEGMENT, IGNORED FOR OVERLAY PROCESS
    SEGMENT: ?PR?_EEPROM_WRITE?AT24C02
*** WARNING L16: UNCALLED SEGMENT, IGNORED FOR OVERLAY PROCESS
    SEGMENT: ?PR?_DELAY_MS?DELAY
*** WARNING L16: UNCALLED SEGMENT, IGNORED FOR OVERLAY PROCESS
    SEGMENT: ?PR?SET_RTC?TIME
Program Size: data=59.7 xdata=0 code=1524
creating hex file from "main"...
"main" - 0 Error(s), 3 Warning(s).
Build target 'Target 1'
compiling main.c...
compiling exti.c...
compiling display.c...
compiling key.c...
compiling iic.c...
compiling ds1302.c...
compiling onewire.c...
compiling at24c02.c...
compiling delay.c...
compiling ds18B20.c...
compiling time.c...
linking...
*** WARNING L16: UNCALLED SEGMENT, IGNORED FOR OVERLAY PROCESS
    SEGMENT: ?PR?_EEPROM_WRITE?AT24C02
*** WARNING L16: UNCALLED SEGMENT, IGNORED FOR OVERLAY PROCESS
    SEGMENT: ?PR?_DELAY_MS?DELAY
Program Size: data=58.7 xdata=0 code=1527
creating hex file from "main"...
"main" - 0 Error(s), 2 Warning(s).
Build target 'Target 1'
compiling main.c...
compiling exti.c...
compiling display.c...
compiling key.c...
compiling iic.c...
compiling ds1302.c...
compiling onewire.c...
compiling at24c02.c...
compiling delay.c...
compiling ds18B20.c...
compiling time.c...
linking...
*** WARNING L16: UNCALLED SEGMENT, IGNORED FOR OVERLAY PROCESS
    SEGMENT: ?PR?_EEPROM_WRITE?AT24C02
*** WARNING L16: UNCALLED SEGMENT, IGNORED FOR OVERLAY PROCESS
    SEGMENT: ?PR?_DELAY_MS?DELAY
Program Size: data=58.7 xdata=0 code=1527
creating hex file from "main"...
"main" - 0 Error(s), 2 Warning(s).
Build target 'Target 1'
compiling main.c...
compiling exti.c...
compiling display.c...
compiling key.c...
compiling iic.c...
compiling ds1302.c...
compiling onewire.c...
compiling at24c02.c...
compiling delay.c...
compiling ds18B20.c...
compiling time.c...
linking...
*** WARNING L16: UNCALLED SEGMENT, IGNORED FOR OVERLAY PROCESS
    SEGMENT: ?PR?_EEPROM_WRITE?AT24C02
*** WARNING L16: UNCALLED SEGMENT, IGNORED FOR OVERLAY PROCESS
    SEGMENT: ?PR?_DELAY_MS?DELAY
Program Size: data=58.7 xdata=0 code=1519
creating hex file from "main"...
"main" - 0 Error(s), 2 Warning(s).
Build target 'Target 1'
compiling main.c...
compiling exti.c...
compiling display.c...
compiling key.c...
compiling iic.c...
compiling ds1302.c...
compiling onewire.c...
compiling at24c02.c...
compiling delay.c...
compiling ds18B20.c...
compiling time.c...
linking...
*** WARNING L16: UNCALLED SEGMENT, IGNORED FOR OVERLAY PROCESS
    SEGMENT: ?PR?_EEPROM_WRITE?AT24C02
*** WARNING L16: UNCALLED SEGMENT, IGNORED FOR OVERLAY PROCESS
    SEGMENT: ?PR?_DELAY_MS?DELAY
Program Size: data=58.7 xdata=0 code=1527
creating hex file from "main"...
"main" - 0 Error(s), 2 Warning(s).
Build target 'Target 1'
compiling main.c...
compiling exti.c...
compiling display.c...
compiling key.c...
compiling iic.c...
compiling ds1302.c...
compiling onewire.c...
compiling at24c02.c...
compiling delay.c...
compiling ds18B20.c...
compiling time.c...
linking...
*** WARNING L16: UNCALLED SEGMENT, IGNORED FOR OVERLAY PROCESS
    SEGMENT: ?PR?_EEPROM_WRITE?AT24C02
*** WARNING L16: UNCALLED SEGMENT, IGNORED FOR OVERLAY PROCESS
    SEGMENT: ?PR?_DELAY_MS?DELAY
Program Size: data=58.7 xdata=0 code=1527
creating hex file from "main"...
"main" - 0 Error(s), 2 Warning(s).
Build target 'Target 1'
compiling main.c...
compiling exti.c...
compiling display.c...
compiling key.c...
compiling iic.c...
compiling ds1302.c...
compiling onewire.c...
compiling at24c02.c...
compiling delay.c...
compiling ds18B20.c...
compiling time.c...
linking...
*** WARNING L16: UNCALLED SEGMENT, IGNORED FOR OVERLAY PROCESS
    SEGMENT: ?PR?_EEPROM_WRITE?AT24C02
*** WARNING L16: UNCALLED SEGMENT, IGNORED FOR OVERLAY PROCESS
    SEGMENT: ?PR?_DELAY_MS?DELAY
Program Size: data=58.7 xdata=0 code=1549
creating hex file from "main"...
"main" - 0 Error(s), 2 Warning(s).
Build target 'Target 1'
compiling main.c...
compiling exti.c...
compiling display.c...
compiling key.c...
compiling iic.c...
compiling ds1302.c...
compiling onewire.c...
compiling at24c02.c...
compiling delay.c...
compiling ds18B20.c...
compiling time.c...
linking...
*** WARNING L16: UNCALLED SEGMENT, IGNORED FOR OVERLAY PROCESS
    SEGMENT: ?PR?_EEPROM_WRITE?AT24C02
*** WARNING L16: UNCALLED SEGMENT, IGNORED FOR OVERLAY PROCESS
    SEGMENT: ?PR?_DELAY_MS?DELAY
Program Size: data=58.7 xdata=0 code=1549
creating hex file from "main"...
"main" - 0 Error(s), 2 Warning(s).
Build target 'Target 1'
compiling main.c...
compiling exti.c...
compiling display.c...
compiling key.c...
compiling iic.c...
compiling ds1302.c...
compiling onewire.c...
compiling at24c02.c...
compiling delay.c...
compiling ds18B20.c...
compiling time.c...
linking...
*** WARNING L16: UNCALLED SEGMENT, IGNORED FOR OVERLAY PROCESS
    SEGMENT: ?PR?_EEPROM_WRITE?AT24C02
*** WARNING L16: UNCALLED SEGMENT, IGNORED FOR OVERLAY PROCESS
    SEGMENT: ?PR?_DELAY_MS?DELAY
*** WARNING L16: UNCALLED SEGMENT, IGNORED FOR OVERLAY PROCESS
    SEGMENT: ?PR?_BCD2NUM?TIME
Program Size: data=58.7 xdata=0 code=1546
creating hex file from "main"...
"main" - 0 Error(s), 3 Warning(s).
Build target 'Target 1'
compiling main.c...
compiling exti.c...
compiling display.c...
compiling key.c...
compiling iic.c...
compiling ds1302.c...
compiling onewire.c...
compiling at24c02.c...
compiling delay.c...
compiling ds18B20.c...
compiling time.c...
linking...
*** WARNING L16: UNCALLED SEGMENT, IGNORED FOR OVERLAY PROCESS
    SEGMENT: ?PR?_EEPROM_WRITE?AT24C02
*** WARNING L16: UNCALLED SEGMENT, IGNORED FOR OVERLAY PROCESS
    SEGMENT: ?PR?_DELAY_MS?DELAY
Program Size: data=58.7 xdata=0 code=1549
creating hex file from "main"...
"main" - 0 Error(s), 2 Warning(s).
Build target 'Target 1'
compiling main.c...
compiling exti.c...
compiling display.c...
compiling key.c...
compiling iic.c...
compiling ds1302.c...
compiling onewire.c...
compiling at24c02.c...
compiling delay.c...
compiling ds18B20.c...
compiling time.c...
linking...
*** WARNING L16: UNCALLED SEGMENT, IGNORED FOR OVERLAY PROCESS
    SEGMENT: ?PR?_EEPROM_WRITE?AT24C02
*** WARNING L16: UNCALLED SEGMENT, IGNORED FOR OVERLAY PROCESS
    SEGMENT: ?PR?_DELAY_MS?DELAY
*** WARNING L16: UNCALLED SEGMENT, IGNORED FOR OVERLAY PROCESS
    SEGMENT: ?PR?GET_TEMP?DS18B20
Program Size: data=59.7 xdata=0 code=1544
creating hex file from "main"...
"main" - 0 Error(s), 3 Warning(s).
Build target 'Target 1'
compiling main.c...
compiling exti.c...
compiling display.c...
compiling key.c...
compiling iic.c...
compiling ds1302.c...
compiling onewire.c...
compiling at24c02.c...
compiling delay.c...
compiling ds18B20.c...
compiling time.c...
linking...
*** WARNING L16: UNCALLED SEGMENT, IGNORED FOR OVERLAY PROCESS
    SEGMENT: ?PR?_EEPROM_WRITE?AT24C02
*** WARNING L16: UNCALLED SEGMENT, IGNORED FOR OVERLAY PROCESS
    SEGMENT: ?PR?_DELAY_MS?DELAY
*** WARNING L16: UNCALLED SEGMENT, IGNORED FOR OVERLAY PROCESS
    SEGMENT: ?PR?GET_TEMP?DS18B20
Program Size: data=59.7 xdata=0 code=1544
creating hex file from "main"...
"main" - 0 Error(s), 3 Warning(s).
Build target 'Target 1'
compiling main.c...
compiling exti.c...
compiling display.c...
compiling key.c...
compiling iic.c...
compiling ds1302.c...
compiling onewire.c...
compiling at24c02.c...
compiling delay.c...
compiling ds18B20.c...
compiling time.c...
linking...
*** WARNING L16: UNCALLED SEGMENT, IGNORED FOR OVERLAY PROCESS
    SEGMENT: ?PR?_EEPROM_WRITE?AT24C02
*** WARNING L16: UNCALLED SEGMENT, IGNORED FOR OVERLAY PROCESS
    SEGMENT: ?PR?_DELAY_MS?DELAY
*** WARNING L16: UNCALLED SEGMENT, IGNORED FOR OVERLAY PROCESS
    SEGMENT: ?PR?GET_TEMP?DS18B20
Program Size: data=59.7 xdata=0 code=1546
creating hex file from "main"...
"main" - 0 Error(s), 3 Warning(s).
Build target 'Target 1'
compiling main.c...
compiling exti.c...
EXTI.C(34): error C141: syntax error near '|'
compiling display.c...
compiling key.c...
compiling iic.c...
compiling ds1302.c...
compiling onewire.c...
compiling at24c02.c...
compiling delay.c...
compiling ds18B20.c...
compiling time.c...
Target not created
Build target 'Target 1'
compiling main.c...
compiling exti.c...
EXTI.C(34): error C141: syntax error near '|'
compiling display.c...
compiling key.c...
compiling iic.c...
compiling ds1302.c...
compiling onewire.c...
compiling at24c02.c...
compiling delay.c...
compiling ds18B20.c...
compiling time.c...
Target not created
Build target 'Target 1'
compiling main.c...
compiling exti.c...
compiling display.c...
compiling key.c...
compiling iic.c...
compiling ds1302.c...
compiling onewire.c...
compiling at24c02.c...
compiling delay.c...
compiling ds18B20.c...
compiling time.c...
linking...
*** WARNING L16: UNCALLED SEGMENT, IGNORED FOR OVERLAY PROCESS
    SEGMENT: ?PR?_EEPROM_WRITE?AT24C02
*** WARNING L16: UNCALLED SEGMENT, IGNORED FOR OVERLAY PROCESS
    SEGMENT: ?PR?_DELAY_MS?DELAY
*** WARNING L16: UNCALLED SEGMENT, IGNORED FOR OVERLAY PROCESS
    SEGMENT: ?PR?GET_TEMP?DS18B20
Program Size: data=60.7 xdata=0 code=1733
creating hex file from "main"...
"main" - 0 Error(s), 3 Warning(s).
Build target 'Target 1'
compiling main.c...
compiling exti.c...
compiling display.c...
compiling key.c...
compiling iic.c...
compiling ds1302.c...
compiling onewire.c...
compiling at24c02.c...
compiling delay.c...
compiling ds18B20.c...
compiling time.c...
linking...
*** WARNING L16: UNCALLED SEGMENT, IGNORED FOR OVERLAY PROCESS
    SEGMENT: ?PR?_EEPROM_WRITE?AT24C02
*** WARNING L16: UNCALLED SEGMENT, IGNORED FOR OVERLAY PROCESS
    SEGMENT: ?PR?_DELAY_MS?DELAY
*** WARNING L16: UNCALLED SEGMENT, IGNORED FOR OVERLAY PROCESS
    SEGMENT: ?PR?GET_TEMP?DS18B20
Program Size: data=60.7 xdata=0 code=1739
creating hex file from "main"...
"main" - 0 Error(s), 3 Warning(s).
Build target 'Target 1'
compiling main.c...
compiling exti.c...
EXTI.C(48): error C141: syntax error near '}', expected ';'
compiling display.c...
compiling key.c...
compiling iic.c...
compiling ds1302.c...
compiling onewire.c...
compiling at24c02.c...
compiling delay.c...
compiling ds18B20.c...
compiling time.c...
Target not created
Build target 'Target 1'
compiling main.c...
compiling exti.c...
compiling display.c...
compiling key.c...
compiling iic.c...
compiling ds1302.c...
compiling onewire.c...
compiling at24c02.c...
compiling delay.c...
compiling ds18B20.c...
compiling time.c...
linking...
*** WARNING L16: UNCALLED SEGMENT, IGNORED FOR OVERLAY PROCESS
    SEGMENT: ?PR?_EEPROM_WRITE?AT24C02
*** WARNING L16: UNCALLED SEGMENT, IGNORED FOR OVERLAY PROCESS
    SEGMENT: ?PR?_DELAY_MS?DELAY
*** WARNING L16: UNCALLED SEGMENT, IGNORED FOR OVERLAY PROCESS
    SEGMENT: ?PR?GET_TEMP?DS18B20
Program Size: data=60.7 xdata=0 code=1741
creating hex file from "main"...
"main" - 0 Error(s), 3 Warning(s).
Build target 'Target 1'
compiling main.c...
compiling exti.c...
compiling display.c...
compiling key.c...
compiling iic.c...
compiling ds1302.c...
compiling onewire.c...
compiling at24c02.c...
compiling delay.c...
compiling ds18B20.c...
compiling time.c...
linking...
*** WARNING L16: UNCALLED SEGMENT, IGNORED FOR OVERLAY PROCESS
    SEGMENT: ?PR?_EEPROM_WRITE?AT24C02
*** WARNING L16: UNCALLED SEGMENT, IGNORED FOR OVERLAY PROCESS
    SEGMENT: ?PR?_DELAY_MS?DELAY
*** WARNING L16: UNCALLED SEGMENT, IGNORED FOR OVERLAY PROCESS
    SEGMENT: ?PR?GET_TEMP?DS18B20
*** WARNING L1: UNRESOLVED EXTERNAL SYMBOL
    SYMBOL:  GETFRECNT
    MODULE:  main.obj (MAIN)
*** WARNING L1: UNRESOLVED EXTERNAL SYMBOL
    SYMBOL:  TIMER1INIT
    MODULE:  main.obj (MAIN)
*** WARNING L2: REFERENCE MADE TO UNRESOLVED EXTERNAL
    SYMBOL:  TIMER1INIT
    MODULE:  main.obj (MAIN)
    ADDRESS: 0035H
*** WARNING L2: REFERENCE MADE TO UNRESOLVED EXTERNAL
    SYMBOL:  GETFRECNT
    MODULE:  main.obj (MAIN)
    ADDRESS: 008EH
Program Size: data=60.7 xdata=0 code=1708
creating hex file from "main"...
"main" - 0 Error(s), 7 Warning(s).
Build target 'Target 1'
compiling main.c...
compiling exti.c...
compiling display.c...
compiling key.c...
compiling iic.c...
compiling ds1302.c...
compiling onewire.c...
compiling at24c02.c...
compiling delay.c...
compiling ds18B20.c...
compiling time.c...
compiling frecounter.c...
FRECOUNTER.C(9): error C231: 'OpenFreCnt': redefinition
FRECOUNTER.C(11): error C231: 'OpenFreCnt': redefinition
Target not created
Build target 'Target 1'
compiling main.c...
compiling exti.c...
compiling display.c...
compiling key.c...
compiling iic.c...
compiling ds1302.c...
compiling onewire.c...
compiling at24c02.c...
compiling delay.c...
compiling ds18B20.c...
compiling time.c...
compiling frecounter.c...
FRECOUNTER.C(9): error C231: 'OpenFreCnt': redefinition
FRECOUNTER.C(11): error C231: 'OpenFreCnt': redefinition
Target not created
Build target 'Target 1'
compiling main.c...
compiling exti.c...
compiling display.c...
compiling key.c...
compiling iic.c...
compiling ds1302.c...
compiling onewire.c...
compiling at24c02.c...
compiling delay.c...
compiling ds18B20.c...
compiling time.c...
compiling frecounter.c...
FRECOUNTER.C(42): warning C276: constant in condition expression
linking...
*** WARNING L16: UNCALLED SEGMENT, IGNORED FOR OVERLAY PROCESS
    SEGMENT: ?PR?_EEPROM_WRITE?AT24C02
*** WARNING L16: UNCALLED SEGMENT, IGNORED FOR OVERLAY PROCESS
    SEGMENT: ?PR?_DELAY_MS?DELAY
*** WARNING L16: UNCALLED SEGMENT, IGNORED FOR OVERLAY PROCESS
    SEGMENT: ?PR?GET_TEMP?DS18B20
*** WARNING L16: UNCALLED SEGMENT, IGNORED FOR OVERLAY PROCESS
    SEGMENT: ?PR?OPENFRECNT?FRECOUNTER
*** WARNING L16: UNCALLED SEGMENT, IGNORED FOR OVERLAY PROCESS
    SEGMENT: ?PR?CLOSEFRECNT?FRECOUNTER
*** WARNING L16: UNCALLED SEGMENT, IGNORED FOR OVERLAY PROCESS
    SEGMENT: ?PR?GETFRECNTVALUE?FRECOUNTER
*** WARNING L16: UNCALLED SEGMENT, IGNORED FOR OVERLAY PROCESS
    SEGMENT: ?PR?FRECNTSCAN?FRECOUNTER
Program Size: data=65.0 xdata=0 code=1800
creating hex file from "main"...
"main" - 0 Error(s), 8 Warning(s).
Build target 'Target 1'
compiling main.c...
compiling exti.c...
compiling display.c...
compiling key.c...
compiling iic.c...
compiling ds1302.c...
compiling onewire.c...
compiling at24c02.c...
compiling delay.c...
compiling ds18B20.c...
compiling time.c...
compiling frecounter.c...
linking...
*** WARNING L16: UNCALLED SEGMENT, IGNORED FOR OVERLAY PROCESS
    SEGMENT: ?PR?_EEPROM_WRITE?AT24C02
*** WARNING L16: UNCALLED SEGMENT, IGNORED FOR OVERLAY PROCESS
    SEGMENT: ?PR?_DELAY_MS?DELAY
*** WARNING L16: UNCALLED SEGMENT, IGNORED FOR OVERLAY PROCESS
    SEGMENT: ?PR?GET_TEMP?DS18B20
*** WARNING L16: UNCALLED SEGMENT, IGNORED FOR OVERLAY PROCESS
    SEGMENT: ?PR?OPENFRECNT?FRECOUNTER
*** WARNING L16: UNCALLED SEGMENT, IGNORED FOR OVERLAY PROCESS
    SEGMENT: ?PR?CLOSEFRECNT?FRECOUNTER
*** WARNING L16: UNCALLED SEGMENT, IGNORED FOR OVERLAY PROCESS
    SEGMENT: ?PR?GETFRECNTVALUE?FRECOUNTER
*** WARNING L16: UNCALLED SEGMENT, IGNORED FOR OVERLAY PROCESS
    SEGMENT: ?PR?FRECNTSCAN?FRECOUNTER
Program Size: data=65.0 xdata=0 code=1799
creating hex file from "main"...
"main" - 0 Error(s), 7 Warning(s).
Build target 'Target 1'
compiling main.c...
compiling exti.c...
compiling display.c...
compiling key.c...
compiling iic.c...
compiling ds1302.c...
compiling onewire.c...
compiling at24c02.c...
compiling delay.c...
compiling ds18B20.c...
compiling time.c...
compiling frecounter.c...
linking...
*** WARNING L16: UNCALLED SEGMENT, IGNORED FOR OVERLAY PROCESS
    SEGMENT: ?PR?_EEPROM_WRITE?AT24C02
*** WARNING L16: UNCALLED SEGMENT, IGNORED FOR OVERLAY PROCESS
    SEGMENT: ?PR?_DELAY_MS?DELAY
*** WARNING L16: UNCALLED SEGMENT, IGNORED FOR OVERLAY PROCESS
    SEGMENT: ?PR?GET_TEMP?DS18B20
*** WARNING L16: UNCALLED SEGMENT, IGNORED FOR OVERLAY PROCESS
    SEGMENT: ?PR?CLOSEFRECNT?FRECOUNTER
*** WARNING L16: UNCALLED SEGMENT, IGNORED FOR OVERLAY PROCESS
    SEGMENT: ?PR?TIMER1INIT?FRECOUNTER
*** WARNING L1: UNRESOLVED EXTERNAL SYMBOL
    SYMBOL:  FRECNTINIT
    MODULE:  main.obj (MAIN)
*** WARNING L2: REFERENCE MADE TO UNRESOLVED EXTERNAL
    SYMBOL:  FRECNTINIT
    MODULE:  main.obj (MAIN)
    ADDRESS: 0035H
Program Size: data=65.0 xdata=0 code=1786
creating hex file from "main"...
"main" - 0 Error(s), 7 Warning(s).
Build target 'Target 1'
compiling main.c...
compiling exti.c...
compiling display.c...
compiling key.c...
compiling iic.c...
compiling ds1302.c...
compiling onewire.c...
compiling at24c02.c...
compiling delay.c...
compiling ds18B20.c...
compiling time.c...
compiling frecounter.c...
linking...
*** WARNING L16: UNCALLED SEGMENT, IGNORED FOR OVERLAY PROCESS
    SEGMENT: ?PR?_EEPROM_WRITE?AT24C02
*** WARNING L16: UNCALLED SEGMENT, IGNORED FOR OVERLAY PROCESS
    SEGMENT: ?PR?_DELAY_MS?DELAY
*** WARNING L16: UNCALLED SEGMENT, IGNORED FOR OVERLAY PROCESS
    SEGMENT: ?PR?GET_TEMP?DS18B20
*** WARNING L16: UNCALLED SEGMENT, IGNORED FOR OVERLAY PROCESS
    SEGMENT: ?PR?CLOSEFRECNT?FRECOUNTER
Program Size: data=65.0 xdata=0 code=1786
creating hex file from "main"...
"main" - 0 Error(s), 4 Warning(s).
Build target 'Target 1'
compiling main.c...
compiling exti.c...
compiling display.c...
compiling key.c...
compiling iic.c...
compiling ds1302.c...
compiling onewire.c...
compiling at24c02.c...
compiling delay.c...
compiling ds18B20.c...
compiling time.c...
compiling frecounter.c...
linking...
*** WARNING L16: UNCALLED SEGMENT, IGNORED FOR OVERLAY PROCESS
    SEGMENT: ?PR?_EEPROM_WRITE?AT24C02
*** WARNING L16: UNCALLED SEGMENT, IGNORED FOR OVERLAY PROCESS
    SEGMENT: ?PR?_DELAY_MS?DELAY
*** WARNING L16: UNCALLED SEGMENT, IGNORED FOR OVERLAY PROCESS
    SEGMENT: ?PR?GET_TEMP?DS18B20
*** WARNING L16: UNCALLED SEGMENT, IGNORED FOR OVERLAY PROCESS
    SEGMENT: ?PR?CLOSEFRECNT?FRECOUNTER
Program Size: data=65.0 xdata=0 code=1790
creating hex file from "main"...
"main" - 0 Error(s), 4 Warning(s).
